TN:
SF:src/domain/entity/address.ts
FN:2,<instance_members_initializer>
FN:7,Address
FN:16,validate
FN:34,toString
FN:38,get street
FN:42,get number
FN:46,get zip
FN:50,get city
FNF:8
FNH:7
FNDA:13,<instance_members_initializer>
FNDA:13,Address
FNDA:13,validate
FNDA:0,toString
FNDA:15,get street
FNDA:15,get number
FNDA:15,get zip
FNDA:15,get city
DA:1,1
DA:2,1
DA:3,13
DA:4,13
DA:5,1
DA:6,1
DA:7,1
DA:8,13
DA:9,13
DA:10,13
DA:11,13
DA:12,13
DA:13,13
DA:14,13
DA:15,1
DA:16,1
DA:17,13
DA:18,0
DA:19,0
DA:20,13
DA:21,13
DA:22,0
DA:23,0
DA:24,13
DA:25,13
DA:26,0
DA:27,0
DA:28,13
DA:29,13
DA:30,0
DA:31,0
DA:32,13
DA:33,1
DA:34,1
DA:35,0
DA:36,0
DA:37,1
DA:38,1
DA:39,15
DA:40,15
DA:41,1
DA:42,1
DA:43,15
DA:44,15
DA:45,1
DA:46,1
DA:47,15
DA:48,15
DA:49,1
DA:50,1
DA:51,15
DA:52,15
DA:53,1
LF:53
LH:43
BRDA:2,0,0,13
BRDA:7,1,0,13
BRDA:16,2,0,13
BRDA:17,3,0,0
BRDA:21,4,0,0
BRDA:25,5,0,0
BRDA:29,6,0,0
BRDA:38,7,0,15
BRDA:42,8,0,15
BRDA:46,9,0,15
BRDA:50,10,0,15
BRF:11
BRH:7
end_of_record
TN:
SF:src/domain/entity/customer.ts
FN:7,<instance_members_initializer>
FN:10,Customer
FN:16,get id
FN:20,validate
FN:30,get name
FN:34,changeName
FN:39,changeAddress
FN:44,isActive
FN:48,activate
FN:56,deactivate
FN:60,set Address
FN:64,get Address
FN:68,get rewardPoints
FN:72,addRewardPoints
FNF:14
FNH:14
FNDA:20,<instance_members_initializer>
FNDA:20,Customer
FNDA:12,get id
FNDA:31,validate
FNDA:46,get name
FNDA:3,changeName
FNDA:8,changeAddress
FNDA:17,isActive
FNDA:2,activate
FNDA:1,deactivate
FNDA:6,set Address
FNDA:48,get Address
FNDA:19,get rewardPoints
FNDA:6,addRewardPoints
DA:1,1
DA:2,1
DA:3,1
DA:4,1
DA:5,1
DA:6,1
DA:7,1
DA:8,1
DA:9,1
DA:10,1
DA:11,20
DA:12,20
DA:13,20
DA:14,20
DA:15,1
DA:16,1
DA:17,12
DA:18,12
DA:19,1
DA:20,1
DA:21,31
DA:22,1
DA:23,1
DA:24,30
DA:25,31
DA:26,1
DA:27,1
DA:28,31
DA:29,1
DA:30,1
DA:31,46
DA:32,46
DA:33,1
DA:34,1
DA:35,3
DA:36,3
DA:37,3
DA:38,1
DA:39,1
DA:40,8
DA:41,8
DA:42,8
DA:43,1
DA:44,1
DA:45,17
DA:46,17
DA:47,1
DA:48,1
DA:49,2
DA:50,1
DA:51,1
DA:52,1
DA:53,1
DA:54,1
DA:55,1
DA:56,1
DA:57,1
DA:58,1
DA:59,1
DA:60,1
DA:61,6
DA:62,6
DA:63,1
DA:64,1
DA:65,48
DA:66,48
DA:67,1
DA:68,1
DA:69,19
DA:70,19
DA:71,1
DA:72,1
DA:73,6
DA:74,6
DA:75,1
LF:75
LH:75
BRDA:7,0,0,20
BRDA:10,1,0,20
BRDA:16,2,0,12
BRDA:20,3,0,31
BRDA:21,4,0,1
BRDA:24,5,0,30
BRDA:25,6,0,1
BRDA:30,7,0,46
BRDA:34,8,0,3
BRDA:39,9,0,8
BRDA:44,10,0,17
BRDA:48,11,0,2
BRDA:49,12,0,1
BRDA:56,13,0,1
BRDA:60,14,0,6
BRDA:64,15,0,48
BRDA:68,16,0,19
BRDA:72,17,0,6
BRF:18
BRH:18
end_of_record
TN:
SF:src/domain/entity/order.ts
FN:6,<instance_members_initializer>
FN:8,Order
FN:16,get id
FN:20,get customerId
FN:24,get items
FN:28,changeItems
FN:32,validate
FN:48,total
FNF:8
FNH:8
FNDA:16,<instance_members_initializer>
FNDA:16,Order
FNDA:10,get id
FNDA:6,get customerId
FNDA:6,get items
FNDA:1,changeItems
FNDA:16,validate
FNDA:13,total
DA:1,1
DA:2,1
DA:3,1
DA:4,1
DA:5,1
DA:6,1
DA:7,1
DA:8,1
DA:9,16
DA:10,16
DA:11,16
DA:12,16
DA:13,16
DA:14,16
DA:15,1
DA:16,1
DA:17,10
DA:18,10
DA:19,1
DA:20,1
DA:21,6
DA:22,6
DA:23,1
DA:24,1
DA:25,6
DA:26,6
DA:27,1
DA:28,1
DA:29,1
DA:30,1
DA:31,1
DA:32,1
DA:33,16
DA:34,1
DA:35,1
DA:36,15
DA:37,16
DA:38,1
DA:39,1
DA:40,16
DA:41,16
DA:42,1
DA:43,1
DA:44,13
DA:45,13
DA:46,13
DA:47,1
DA:48,1
DA:49,13
DA:50,13
DA:51,1
LF:51
LH:51
BRDA:6,0,0,16
BRDA:8,1,0,16
BRDA:16,2,0,10
BRDA:20,3,0,6
BRDA:24,4,0,6
BRDA:28,5,0,1
BRDA:32,6,0,16
BRDA:33,7,0,1
BRDA:36,8,0,15
BRDA:37,9,0,1
BRDA:41,10,0,13
BRDA:41,11,0,1
BRDA:48,12,0,13
BRDA:49,13,0,15
BRF:14
BRH:14
end_of_record
TN:
SF:src/domain/entity/order_item.ts
FN:8,OrderItem
FN:18,get id
FN:22,get name
FN:26,get quantity
FN:30,get productId
FN:34,validate
FN:40,get price
FNF:7
FNH:7
FNDA:16,OrderItem
FNDA:9,get id
FNDA:9,get name
FNDA:9,get quantity
FNDA:7,get productId
FNDA:16,validate
FNDA:24,get price
DA:1,1
DA:2,1
DA:3,1
DA:4,1
DA:5,1
DA:6,1
DA:7,1
DA:8,1
DA:9,16
DA:10,16
DA:11,16
DA:12,16
DA:13,16
DA:14,16
DA:15,16
DA:16,16
DA:17,1
DA:18,1
DA:19,9
DA:20,9
DA:21,1
DA:22,1
DA:23,9
DA:24,9
DA:25,1
DA:26,1
DA:27,9
DA:28,9
DA:29,1
DA:30,1
DA:31,7
DA:32,7
DA:33,1
DA:34,1
DA:35,16
DA:36,1
DA:37,1
DA:38,16
DA:39,1
DA:40,1
DA:41,24
DA:42,24
DA:43,1
LF:43
LH:43
BRDA:8,0,0,16
BRDA:18,1,0,9
BRDA:22,2,0,9
BRDA:26,3,0,9
BRDA:30,4,0,7
BRDA:34,5,0,16
BRDA:35,6,0,1
BRDA:40,7,0,24
BRF:8
BRH:8
end_of_record
TN:
SF:src/domain/entity/product.ts
FN:6,Product
FN:14,changeName
FN:19,get name
FN:23,changePrice
FN:28,get price
FN:32,get id
FN:36,validate
FNF:7
FNH:7
FNDA:19,Product
FNDA:2,changeName
FNDA:18,get name
FNDA:4,changePrice
FNDA:24,get price
FNDA:19,get id
FNDA:25,validate
DA:1,1
DA:2,1
DA:3,1
DA:4,1
DA:5,1
DA:6,1
DA:7,19
DA:8,19
DA:9,19
DA:10,19
DA:11,19
DA:12,19
DA:13,1
DA:14,1
DA:15,2
DA:16,2
DA:17,2
DA:18,1
DA:19,1
DA:20,18
DA:21,18
DA:22,1
DA:23,1
DA:24,4
DA:25,4
DA:26,4
DA:27,1
DA:28,1
DA:29,24
DA:30,24
DA:31,1
DA:32,1
DA:33,19
DA:34,19
DA:35,1
DA:36,1
DA:37,25
DA:38,1
DA:39,1
DA:40,25
DA:41,1
DA:42,1
DA:43,25
DA:44,1
DA:45,1
DA:46,25
DA:47,25
DA:48,25
DA:49,1
LF:49
LH:49
BRDA:6,0,0,19
BRDA:14,1,0,2
BRDA:19,2,0,18
BRDA:23,3,0,4
BRDA:28,4,0,24
BRDA:32,5,0,19
BRDA:36,6,0,25
BRDA:37,7,0,1
BRDA:40,8,0,1
BRDA:43,9,0,1
BRF:10
BRH:10
end_of_record
TN:
SF:src/domain/service/order.service.ts
FN:7,placeOrder
FN:19,total
FNF:2
FNH:2
FNDA:1,placeOrder
FNDA:1,total
DA:1,1
DA:2,1
DA:3,1
DA:4,1
DA:5,1
DA:6,1
DA:7,1
DA:8,1
DA:9,0
DA:10,0
DA:11,1
DA:12,1
DA:13,1
DA:14,1
DA:15,1
DA:16,1
DA:17,1
DA:18,1
DA:19,1
DA:20,1
DA:21,1
DA:22,1
LF:22
LH:20
BRDA:7,0,0,1
BRDA:8,1,0,0
BRDA:19,2,0,1
BRDA:20,3,0,2
BRF:4
BRH:3
end_of_record
TN:
SF:src/domain/service/product.service.ts
FN:5,increasePrice
FNF:1
FNH:1
FNDA:1,increasePrice
DA:1,1
DA:2,1
DA:3,1
DA:4,1
DA:5,1
DA:6,1
DA:7,2
DA:8,1
DA:9,1
DA:10,1
DA:11,1
LF:11
LH:11
BRDA:5,0,0,1
BRDA:6,1,0,2
BRF:2
BRH:2
end_of_record
TN:
SF:src/infrastructure/db/sequelize/model/customer.model.ts
FNF:0
FNH:0
DA:1,1
DA:2,1
DA:3,1
DA:4,1
DA:5,1
DA:6,1
DA:7,1
DA:8,1
DA:9,1
DA:10,1
DA:11,1
DA:12,1
DA:13,1
DA:14,1
DA:15,1
DA:16,1
DA:17,1
DA:18,1
DA:19,1
DA:20,1
DA:21,1
DA:22,1
DA:23,1
DA:24,1
DA:25,1
DA:26,1
DA:27,1
DA:28,1
DA:29,1
DA:30,1
DA:31,1
DA:32,1
DA:33,1
DA:34,1
DA:35,1
DA:36,1
DA:37,1
DA:38,1
DA:39,1
DA:40,1
DA:41,1
DA:42,1
DA:43,1
DA:44,1
DA:45,1
DA:46,1
LF:46
LH:46
BRF:0
BRH:0
end_of_record
TN:
SF:src/infrastructure/db/sequelize/model/order-item.model.ts
FNF:0
FNH:0
DA:1,1
DA:2,1
DA:3,1
DA:4,1
DA:5,1
DA:6,1
DA:7,1
DA:8,1
DA:9,1
DA:10,1
DA:11,1
DA:12,1
DA:13,1
DA:14,1
DA:15,1
DA:16,1
DA:17,1
DA:18,1
DA:19,1
DA:20,1
DA:21,1
DA:22,1
DA:23,1
DA:24,1
DA:25,1
DA:26,1
DA:27,1
DA:28,1
DA:29,1
DA:30,1
DA:31,1
DA:32,1
DA:33,1
DA:34,1
DA:35,1
DA:36,1
DA:37,1
DA:38,1
DA:39,1
DA:40,1
DA:41,1
LF:41
LH:41
BRDA:22,0,0,0
BRDA:31,1,0,0
BRDA:15,2,0,20
BRDA:21,3,0,8
BRDA:24,4,0,8
BRDA:30,5,0,8
BRF:6
BRH:4
end_of_record
TN:
SF:src/infrastructure/db/sequelize/model/order.model.ts
FNF:0
FNH:0
DA:1,1
DA:2,1
DA:3,1
DA:4,1
DA:5,1
DA:6,1
DA:7,1
DA:8,1
DA:9,1
DA:10,1
DA:11,1
DA:12,1
DA:13,1
DA:14,1
DA:15,1
DA:16,1
DA:17,1
DA:18,1
DA:19,1
DA:20,1
DA:21,1
DA:22,1
DA:23,1
DA:24,1
DA:25,1
DA:26,1
DA:27,1
DA:28,1
LF:28
LH:28
BRDA:21,0,0,0
BRDA:14,1,0,4
BRDA:20,2,0,16
BRDA:26,3,0,16
BRF:4
BRH:3
end_of_record
TN:
SF:src/infrastructure/db/sequelize/model/product.model.ts
FNF:0
FNH:0
DA:1,1
DA:2,1
DA:3,1
DA:4,1
DA:5,1
DA:6,1
DA:7,1
DA:8,1
DA:9,1
DA:10,1
DA:11,1
DA:12,1
DA:13,1
DA:14,1
DA:15,1
DA:16,1
DA:17,1
DA:18,1
DA:19,1
DA:20,1
DA:21,1
LF:21
LH:21
BRF:0
BRH:0
end_of_record
TN:
SF:src/infrastructure/repository/customer.repository.ts
FN:7,create
FN:20,update
FN:39,createCustomer
FN:62,find
FN:81,findAll
FNF:5
FNH:5
FNDA:9,create
FNDA:2,update
FNDA:3,createCustomer
FNDA:2,find
FNDA:1,findAll
DA:1,1
DA:2,1
DA:3,1
DA:4,1
DA:5,1
DA:6,1
DA:7,1
DA:8,9
DA:9,9
DA:10,9
DA:11,9
DA:12,9
DA:13,9
DA:14,9
DA:15,9
DA:16,9
DA:17,9
DA:18,9
DA:19,1
DA:20,1
DA:21,2
DA:22,2
DA:23,2
DA:24,2
DA:25,2
DA:26,2
DA:27,2
DA:28,2
DA:29,2
DA:30,2
DA:31,2
DA:32,2
DA:33,2
DA:34,2
DA:35,2
DA:36,2
DA:37,2
DA:38,1
DA:39,1
DA:40,3
DA:41,3
DA:42,3
DA:43,3
DA:44,3
DA:45,3
DA:46,3
DA:47,3
DA:48,3
DA:49,3
DA:50,3
DA:51,3
DA:52,3
DA:53,3
DA:54,3
DA:55,3
DA:56,0
DA:57,0
DA:58,3
DA:59,3
DA:60,3
DA:61,1
DA:62,1
DA:63,2
DA:64,2
DA:65,2
DA:66,2
DA:67,2
DA:68,2
DA:69,2
DA:70,2
DA:71,2
DA:72,2
DA:73,2
DA:74,2
DA:75,2
DA:76,2
DA:77,2
DA:78,2
DA:79,2
DA:80,1
DA:81,1
DA:82,1
DA:83,1
DA:84,1
DA:85,1
LF:85
LH:83
BRDA:7,0,0,9
BRDA:20,1,0,2
BRDA:39,2,0,3
BRDA:55,3,0,0
BRDA:62,4,0,2
BRDA:81,5,0,1
BRDA:83,6,0,2
BRF:7
BRH:6
end_of_record
TN:
SF:src/infrastructure/repository/order.repository.ts
FN:8,create
FN:26,update
FN:47,createOrder
FN:55,find
FN:75,findAll
FNF:5
FNH:5
FNDA:5,create
FNDA:1,update
FNDA:4,createOrder
FNDA:2,find
FNDA:1,findAll
DA:1,1
DA:2,1
DA:3,1
DA:4,1
DA:5,1
DA:6,1
DA:7,1
DA:8,1
DA:9,5
DA:10,5
DA:11,5
DA:12,5
DA:13,5
DA:14,5
DA:15,5
DA:16,5
DA:17,5
DA:18,5
DA:19,5
DA:20,5
DA:21,5
DA:22,5
DA:23,5
DA:24,5
DA:25,1
DA:26,1
DA:27,1
DA:28,1
DA:29,1
DA:30,1
DA:31,1
DA:32,2
DA:33,2
DA:34,2
DA:35,2
DA:36,2
DA:37,1
DA:38,1
DA:39,1
DA:40,1
DA:41,1
DA:42,1
DA:43,1
DA:44,1
DA:45,1
DA:46,1
DA:47,1
DA:48,4
DA:49,4
DA:50,4
DA:51,4
DA:52,4
DA:53,4
DA:54,1
DA:55,1
DA:56,2
DA:57,2
DA:58,2
DA:59,2
DA:60,2
DA:61,2
DA:62,2
DA:63,2
DA:64,2
DA:65,2
DA:66,2
DA:67,0
DA:68,0
DA:69,2
DA:70,2
DA:71,2
DA:72,2
DA:73,2
DA:74,1
DA:75,1
DA:76,1
DA:77,1
DA:78,1
DA:79,1
DA:80,1
DA:81,1
LF:81
LH:79
BRDA:8,0,0,5
BRDA:13,1,0,5
BRDA:26,2,0,1
BRDA:31,3,0,2
BRDA:47,4,0,4
BRDA:48,5,0,4
BRDA:55,6,0,2
BRDA:66,7,0,0
BRDA:75,8,0,1
BRDA:79,9,0,2
BRF:10
BRH:9
end_of_record
TN:
SF:src/infrastructure/repository/product.repository.ts
FN:6,create
FN:14,update
FN:28,find
FN:42,findAll
FNF:4
FNH:4
FNDA:9,create
FNDA:1,update
FNDA:1,find
FNDA:1,findAll
DA:1,1
DA:2,1
DA:3,1
DA:4,1
DA:5,1
DA:6,1
DA:7,9
DA:8,9
DA:9,9
DA:10,9
DA:11,9
DA:12,9
DA:13,1
DA:14,1
DA:15,1
DA:16,1
DA:17,1
DA:18,1
DA:19,1
DA:20,1
DA:21,1
DA:22,1
DA:23,1
DA:24,1
DA:25,1
DA:26,1
DA:27,1
DA:28,1
DA:29,1
DA:30,1
DA:31,1
DA:32,1
DA:33,1
DA:34,1
DA:35,1
DA:36,1
DA:37,1
DA:38,1
DA:39,1
DA:40,1
DA:41,1
DA:42,1
DA:43,1
DA:44,1
DA:45,2
DA:46,1
DA:47,1
DA:48,1
LF:48
LH:48
BRDA:6,0,0,9
BRDA:14,1,0,1
BRDA:28,2,0,1
BRDA:42,3,0,1
BRDA:44,4,0,2
BRF:5
BRH:5
end_of_record
